[2025-01-05 14:16:51,439: INFO: stage_01_data_ingestion: >>>>>> stage Data Ingestion stage started <<<<<<]
[2025-01-05 14:16:51,444: INFO: common: yaml file: config\config.yaml loaded successfully]
[2025-01-05 14:16:51,447: INFO: common: yaml file: params.yaml loaded successfully]
[2025-01-05 14:16:51,447: INFO: common: created directory at: artifacts]
[2025-01-05 14:16:51,448: INFO: common: created directory at: artifacts/data_ingestion]
[2025-01-05 14:16:51,448: INFO: data_ingestion: Downloading data from https://drive.google.com/file/d/1dUE-EruI3mykiyPmtVB57WUzYaiOsOOz/view?usp=sharing into file artifacts/data_ingestion/data.zip]
[2025-01-05 14:17:02,176: INFO: data_ingestion: Downloaded data from https://drive.google.com/file/d/1dUE-EruI3mykiyPmtVB57WUzYaiOsOOz/view?usp=sharing into file artifacts/data_ingestion/data.zip]
[2025-01-05 14:17:12,354: INFO: stage_01_data_ingestion: >>>>>> stage Data Ingestion stage completed <<<<<<

x==========x]
[2025-01-05 14:18:25,030: INFO: stage_02_prepare_base_model: *******************]
[2025-01-05 14:18:25,030: INFO: stage_02_prepare_base_model: >>>>>> stage Prepare base model started <<<<<<]
[2025-01-05 14:18:25,030: INFO: common: yaml file: config\config.yaml loaded successfully]
[2025-01-05 14:18:25,039: INFO: common: yaml file: params.yaml loaded successfully]
[2025-01-05 14:18:25,039: INFO: common: created directory at: artifacts]
[2025-01-05 14:18:25,039: INFO: common: created directory at: artifacts/prepare_base_model]
[2025-01-05 14:18:27,160: WARNING: saving_utils: Compiled the loaded model, but the compiled metrics have yet to be built. `model.compile_metrics` will be empty until you train or evaluate the model.]
[2025-01-05 14:18:29,998: INFO: stage_02_prepare_base_model: >>>>>> stage Prepare base model completed <<<<<<

x==========x]
[2025-01-05 14:18:40,476: INFO: stage_03_model_trainer: *******************]
[2025-01-05 14:18:40,476: INFO: stage_03_model_trainer: >>>>>> stage Training started <<<<<<]
[2025-01-05 14:18:40,476: INFO: common: yaml file: config\config.yaml loaded successfully]
[2025-01-05 14:18:40,490: INFO: common: yaml file: params.yaml loaded successfully]
[2025-01-05 14:18:40,491: INFO: common: created directory at: artifacts]
[2025-01-05 14:18:40,491: INFO: common: created directory at: artifacts\training]
[2025-01-05 17:01:01,814: INFO: stage_03_model_trainer: >>>>>> stage Training completed <<<<<<

x==========x]
[2025-01-05 17:01:27,779: INFO: stage_04_model_evaluation: *******************]
[2025-01-05 17:01:27,779: INFO: stage_04_model_evaluation: >>>>>> stage Evaluation stage started <<<<<<]
[2025-01-05 17:01:27,789: INFO: common: yaml file: config\config.yaml loaded successfully]
[2025-01-05 17:01:27,793: INFO: common: yaml file: params.yaml loaded successfully]
[2025-01-05 17:01:27,794: INFO: common: created directory at: artifacts]
[2025-01-05 17:01:27,795: INFO: common: created directory at: artifacts\evaluation]
[2025-01-05 17:10:16,241: INFO: common: json file saved at: artifacts\evaluation\metrics.json]
[2025-01-05 17:10:16,271: INFO: common: json file saved at: artifacts\evaluation\confusion_matrix.json]
[2025-01-05 17:10:17,325: INFO: common: json file saved at: artifacts\evaluation\roc_data.json]
[2025-01-05 17:15:02,575: INFO: common: json file saved at: artifacts\evaluation\confusion_matrix.json]
[2025-01-05 17:19:32,225: INFO: common: json file saved at: artifacts\evaluation\roc_data.json]
[2025-01-05 17:19:47,350: WARNING: save: Found untraced functions such as _jit_compiled_convolution_op, _jit_compiled_convolution_op, _jit_compiled_convolution_op, _jit_compiled_convolution_op, _jit_compiled_convolution_op while saving (showing 5 of 40). These functions will not be directly callable after loading.]
[2025-01-05 17:19:53,428: INFO: builder_impl: Assets written to: C:\Users\abdot\AppData\Local\Temp\tmpbhphdh5a\model\data\model\assets]
[2025-01-05 17:22:21,267: INFO: stage_04_model_evaluation: >>>>>> stage Evaluation stage completed <<<<<<

x==========x]
[2025-01-05 17:31:42,867: WARNING: def_function: 5 out of the last 5 calls to <function Model.make_predict_function.<locals>.predict_function at 0x00000136CE96A8C0> triggered tf.function retracing. Tracing is expensive and the excessive number of tracings could be due to (1) creating @tf.function repeatedly in a loop, (2) passing tensors with different shapes, (3) passing Python objects instead of tensors. For (1), please define your @tf.function outside of the loop. For (2), @tf.function has reduce_retracing=True option that can avoid unnecessary retracing. For (3), please refer to https://www.tensorflow.org/guide/function#controlling_retracing and https://www.tensorflow.org/api_docs/python/tf/function for  more details.]
[2025-01-05 17:31:52,436: WARNING: def_function: 6 out of the last 6 calls to <function Model.make_predict_function.<locals>.predict_function at 0x0000013688DC27A0> triggered tf.function retracing. Tracing is expensive and the excessive number of tracings could be due to (1) creating @tf.function repeatedly in a loop, (2) passing tensors with different shapes, (3) passing Python objects instead of tensors. For (1), please define your @tf.function outside of the loop. For (2), @tf.function has reduce_retracing=True option that can avoid unnecessary retracing. For (3), please refer to https://www.tensorflow.org/guide/function#controlling_retracing and https://www.tensorflow.org/api_docs/python/tf/function for  more details.]
